2023-06-18 17:48:40,537 [Worker-1: Loading available Gradle versions] INFO  c.g.t.t.d.PublishedGradleVersions - Gradle version information cache is up-to-date. Trying to read.
2023-06-18 17:49:49,429 [Worker-5: Building workspace] INFO  o.e.m.c.i.l.LifecycleMappingFactory - Using org.eclipse.m2e.jdt.JarLifecycleMapping lifecycle mapping for MavenProject: com.example.maven-project:server:1.0-SNAPSHOT @ C:\Users\Akhilesh.Upadhyay\Downloads\DevopsBasics-master\server\pom.xml.
2023-06-18 17:49:50,281 [Worker-5: Building workspace] INFO  o.e.m.c.i.embedder.EclipseLogger - Using 'utf-8' encoding to copy filtered resources.
2023-06-18 17:49:50,282 [Worker-5: Building workspace] INFO  o.e.m.c.i.embedder.EclipseLogger - skip non existing resourceDirectory C:\Users\Akhilesh.Upadhyay\Downloads\DevopsBasics-master\server\src\main\resources
2023-06-18 17:49:50,287 [Worker-5: Building workspace] INFO  o.e.m.c.i.embedder.EclipseLogger - Using 'utf-8' encoding to copy filtered resources.
2023-06-18 17:49:50,288 [Worker-5: Building workspace] INFO  o.e.m.c.i.embedder.EclipseLogger - skip non existing resourceDirectory C:\Users\Akhilesh.Upadhyay\Downloads\DevopsBasics-master\server\src\test\resources
2023-06-18 17:49:50,478 [Worker-5: Building workspace] INFO  o.e.m.c.i.l.LifecycleMappingFactory - Using org.eclipse.m2e.jdt.JarLifecycleMapping lifecycle mapping for MavenProject: com.example.maven-project:webapp:1.0-SNAPSHOT @ C:\Users\Akhilesh.Upadhyay\Downloads\DevopsBasics-master\webapp\pom.xml.
2023-06-18 17:49:50,580 [Worker-5: Building workspace] INFO  o.e.m.c.i.embedder.EclipseLogger - Using 'utf-8' encoding to copy filtered resources.
2023-06-18 17:49:50,581 [Worker-5: Building workspace] INFO  o.e.m.c.i.embedder.EclipseLogger - skip non existing resourceDirectory C:\Users\Akhilesh.Upadhyay\Downloads\DevopsBasics-master\webapp\src\main\resources
2023-06-18 17:49:50,583 [Worker-5: Building workspace] INFO  o.e.m.c.i.embedder.EclipseLogger - Using 'utf-8' encoding to copy filtered resources.
2023-06-18 17:49:50,584 [Worker-5: Building workspace] INFO  o.e.m.c.i.embedder.EclipseLogger - skip non existing resourceDirectory C:\Users\Akhilesh.Upadhyay\Downloads\DevopsBasics-master\webapp\src\test\resources
2023-06-18 17:49:52,120 [Worker-1: Building workspace] INFO  o.e.m.c.i.embedder.EclipseLogger - Using 'utf-8' encoding to copy filtered resources.
2023-06-18 17:49:52,122 [Worker-1: Building workspace] INFO  o.e.m.c.i.embedder.EclipseLogger - skip non existing resourceDirectory C:\Users\Akhilesh.Upadhyay\Downloads\DevopsBasics-master\server\src\main\resources
2023-06-18 17:49:52,125 [Worker-1: Building workspace] INFO  o.e.m.c.i.embedder.EclipseLogger - Using 'utf-8' encoding to copy filtered resources.
2023-06-18 17:49:52,125 [Worker-1: Building workspace] INFO  o.e.m.c.i.embedder.EclipseLogger - skip non existing resourceDirectory C:\Users\Akhilesh.Upadhyay\Downloads\DevopsBasics-master\server\src\test\resources
2023-06-18 17:49:52,377 [Worker-10: Updating Maven Dependencies] INFO  o.e.m.c.i.l.LifecycleMappingFactory - Using org.eclipse.m2e.jdt.JarLifecycleMapping lifecycle mapping for MavenProject: com.example.maven-project:server:1.0-SNAPSHOT @ C:\Users\Akhilesh.Upadhyay\Downloads\DevopsBasics-master\server\pom.xml.
2023-06-18 17:49:53,793 [Worker-7: Updating Maven Dependencies] INFO  o.e.m.c.i.l.LifecycleMappingFactory - Using org.eclipse.m2e.jdt.JarLifecycleMapping lifecycle mapping for MavenProject: com.example.maven-project:server:1.0-SNAPSHOT @ C:\Users\Akhilesh.Upadhyay\Downloads\DevopsBasics-master\server\pom.xml.
2023-06-18 17:49:54,456 [Worker-0: Building workspace] INFO  o.e.m.c.i.embedder.EclipseLogger - Using 'utf-8' encoding to copy filtered resources.
2023-06-18 17:49:54,456 [Worker-0: Building workspace] INFO  o.e.m.c.i.embedder.EclipseLogger - skip non existing resourceDirectory C:\Users\Akhilesh.Upadhyay\Downloads\DevopsBasics-master\server\src\main\resources
2023-06-18 17:49:54,463 [Worker-0: Building workspace] INFO  o.e.m.c.i.embedder.EclipseLogger - Using 'utf-8' encoding to copy filtered resources.
2023-06-18 17:49:54,464 [Worker-0: Building workspace] INFO  o.e.m.c.i.embedder.EclipseLogger - skip non existing resourceDirectory C:\Users\Akhilesh.Upadhyay\Downloads\DevopsBasics-master\server\src\test\resources
2023-06-18 21:49:44,225 [Worker-1: Building workspace] INFO  o.e.m.c.i.embedder.EclipseLogger - Using 'utf-8' encoding to copy filtered resources.
2023-06-18 21:49:44,230 [Worker-1: Building workspace] INFO  o.e.m.c.i.embedder.EclipseLogger - skip non existing resourceDirectory C:\Users\Akhilesh.Upadhyay\Downloads\DevopsBasics-master\server\src\main\resources
2023-06-18 21:49:44,235 [Worker-1: Building workspace] INFO  o.e.m.c.i.embedder.EclipseLogger - Using 'utf-8' encoding to copy filtered resources.
2023-06-18 21:49:44,235 [Worker-1: Building workspace] INFO  o.e.m.c.i.embedder.EclipseLogger - skip non existing resourceDirectory C:\Users\Akhilesh.Upadhyay\Downloads\DevopsBasics-master\server\src\test\resources
2023-06-18 21:49:44,401 [Worker-1: Building workspace] INFO  o.e.m.c.i.embedder.EclipseLogger - Using 'utf-8' encoding to copy filtered resources.
2023-06-18 21:49:44,401 [Worker-1: Building workspace] INFO  o.e.m.c.i.embedder.EclipseLogger - skip non existing resourceDirectory C:\Users\Akhilesh.Upadhyay\Downloads\DevopsBasics-master\webapp\src\main\resources
2023-06-18 21:49:44,404 [Worker-1: Building workspace] INFO  o.e.m.c.i.embedder.EclipseLogger - Using 'utf-8' encoding to copy filtered resources.
2023-06-18 21:49:44,404 [Worker-1: Building workspace] INFO  o.e.m.c.i.embedder.EclipseLogger - skip non existing resourceDirectory C:\Users\Akhilesh.Upadhyay\Downloads\DevopsBasics-master\webapp\src\test\resources
2023-06-18 21:50:47,118 [Worker-8: Building workspace] INFO  o.e.m.c.i.embedder.EclipseLogger - Using 'utf-8' encoding to copy filtered resources.
2023-06-18 21:50:47,119 [Worker-8: Building workspace] INFO  o.e.m.c.i.embedder.EclipseLogger - skip non existing resourceDirectory C:\Users\Akhilesh.Upadhyay\Downloads\DevopsBasics-master\webapp\src\main\resources
2023-06-18 21:50:47,125 [Worker-8: Building workspace] INFO  o.e.m.c.i.embedder.EclipseLogger - Using 'utf-8' encoding to copy filtered resources.
2023-06-18 21:50:47,126 [Worker-8: Building workspace] INFO  o.e.m.c.i.embedder.EclipseLogger - skip non existing resourceDirectory C:\Users\Akhilesh.Upadhyay\Downloads\DevopsBasics-master\webapp\src\test\resources
2023-06-18 21:53:16,830 [Worker-7: Building workspace] INFO  o.e.m.c.i.embedder.EclipseLogger - Using 'utf-8' encoding to copy filtered resources.
2023-06-18 21:53:16,839 [Worker-7: Building workspace] INFO  o.e.m.c.i.embedder.EclipseLogger - skip non existing resourceDirectory C:\Users\Akhilesh.Upadhyay\Downloads\DevopsBasics-master\server\src\main\resources
2023-06-18 21:53:16,852 [Worker-7: Building workspace] INFO  o.e.m.c.i.embedder.EclipseLogger - Using 'utf-8' encoding to copy filtered resources.
2023-06-18 21:53:16,853 [Worker-7: Building workspace] INFO  o.e.m.c.i.embedder.EclipseLogger - skip non existing resourceDirectory C:\Users\Akhilesh.Upadhyay\Downloads\DevopsBasics-master\server\src\test\resources
2023-06-18 21:53:16,927 [Worker-7: Building workspace] INFO  o.e.m.c.i.embedder.EclipseLogger - Using 'utf-8' encoding to copy filtered resources.
2023-06-18 21:53:16,927 [Worker-7: Building workspace] INFO  o.e.m.c.i.embedder.EclipseLogger - skip non existing resourceDirectory C:\Users\Akhilesh.Upadhyay\Downloads\DevopsBasics-master\webapp\src\main\resources
2023-06-18 21:53:16,951 [Worker-7: Building workspace] INFO  o.e.m.c.i.embedder.EclipseLogger - Using 'utf-8' encoding to copy filtered resources.
2023-06-18 21:53:16,952 [Worker-7: Building workspace] INFO  o.e.m.c.i.embedder.EclipseLogger - skip non existing resourceDirectory C:\Users\Akhilesh.Upadhyay\Downloads\DevopsBasics-master\webapp\src\test\resources
2023-06-19 12:18:49,822 [Worker-0: Building workspace] INFO  o.e.m.c.i.embedder.EclipseLogger - Using 'utf-8' encoding to copy filtered resources.
2023-06-19 12:18:49,830 [Worker-0: Building workspace] INFO  o.e.m.c.i.embedder.EclipseLogger - skip non existing resourceDirectory C:\Users\Akhilesh.Upadhyay\Downloads\DevopsBasics-master\server\src\main\resources
2023-06-19 12:18:49,835 [Worker-0: Building workspace] INFO  o.e.m.c.i.embedder.EclipseLogger - Using 'utf-8' encoding to copy filtered resources.
2023-06-19 12:18:49,835 [Worker-0: Building workspace] INFO  o.e.m.c.i.embedder.EclipseLogger - skip non existing resourceDirectory C:\Users\Akhilesh.Upadhyay\Downloads\DevopsBasics-master\server\src\test\resources
2023-06-19 12:18:50,417 [Worker-0: Building workspace] INFO  o.e.m.c.i.embedder.EclipseLogger - Using 'utf-8' encoding to copy filtered resources.
2023-06-19 12:18:50,417 [Worker-0: Building workspace] INFO  o.e.m.c.i.embedder.EclipseLogger - skip non existing resourceDirectory C:\Users\Akhilesh.Upadhyay\Downloads\DevopsBasics-master\webapp\src\main\resources
2023-06-19 12:18:50,421 [Worker-0: Building workspace] INFO  o.e.m.c.i.embedder.EclipseLogger - Using 'utf-8' encoding to copy filtered resources.
2023-06-19 12:18:50,421 [Worker-0: Building workspace] INFO  o.e.m.c.i.embedder.EclipseLogger - skip non existing resourceDirectory C:\Users\Akhilesh.Upadhyay\Downloads\DevopsBasics-master\webapp\src\test\resources
